<?xml version="1.0" encoding="UTF-8"?>
<!-- Generated by org.testng.reporters.JUnitReportReporter -->
<testsuite hostname="LAPTOP-0E6KFDF3" failures="0" tests="1" name="com.test.automation.tests.LoginTest" time="10.543" errors="0" timestamp="2024-11-30T13:44:45 GMT" skipped="0">
  <testcase classname="com.test.automation.tests.LoginTest" name="testSuccessfulLogin" time="10.543"/>
  <system-out/>
</testsuite> <!-- com.test.automation.tests.LoginTest -->
