<?xml version="1.0" encoding="UTF-8"?>
<!-- Generated by org.testng.reporters.JUnitReportReporter -->
<testsuite hostname="LAPTOP-0E6KFDF3" failures="0" tests="2" name="com.test.automation.tests.LoginTest" time="12.733" errors="0" timestamp="2024-11-30T14:22:40 GMT" skipped="0">
  <testcase classname="com.test.automation.tests.LoginTest" name="testSuccessfulLogin" time="5.812"/>
  <system-out/>
  <testcase classname="com.test.automation.tests.LoginTest" name="testInvalidLogin" time="6.921"/>
  <system-out/>
</testsuite> <!-- com.test.automation.tests.LoginTest -->
