<?xml version="1.0" encoding="UTF-8"?>
<!-- Generated by org.testng.reporters.JUnitReportReporter -->
<testsuite hostname="LAPTOP-0E6KFDF3" failures="0" tests="1" name="com.test.automation.tests.PasswordRecoveryTest" time="4.611" errors="0" timestamp="2024-11-30T14:22:40 GMT" skipped="0">
  <testcase classname="com.test.automation.tests.PasswordRecoveryTest" name="testNavigateToPasswordRecovery" time="4.611"/>
  <system-out/>
</testsuite> <!-- com.test.automation.tests.PasswordRecoveryTest -->
